  tempclient.c
d:\desktop\trabalhoso\so\so\asciiesc.h(75): warning C4273: 'exit': inconsistent dll linkage
  c:\program files (x86)\windows kits\10\include\10.0.10240.0\ucrt\stdlib.h(50): note: see previous definition of 'exit'
d:\desktop\trabalhoso\so\so\tempclient.c(109): warning C4013: 'sleep' undefined; assuming extern returning int
d:\desktop\trabalhoso\so\so\tempclient.c(91): error C4996: 'sprintf': This function or variable may be unsafe. Consider using sprintf_s instead. To disable deprecation, use _CRT_SECURE_NO_WARNINGS. See online help for details.
  c:\program files (x86)\windows kits\10\include\10.0.10240.0\ucrt\stdio.h(1769): note: see declaration of 'sprintf'
d:\desktop\trabalhoso\so\so\tempclient.c(118): error C2079: 'dest' uses undefined struct 'sockaddr_in'
d:\desktop\trabalhoso\so\so\tempclient.c(122): warning C4013: 'socket' undefined; assuming extern returning int
d:\desktop\trabalhoso\so\so\tempclient.c(122): error C2065: 'AF_INET': undeclared identifier
d:\desktop\trabalhoso\so\so\tempclient.c(122): error C2065: 'SOCK_STREAM': undeclared identifier
d:\desktop\trabalhoso\so\so\tempclient.c(124): warning C4013: 'bzero' undefined; assuming extern returning int
d:\desktop\trabalhoso\so\so\tempclient.c(125): error C2224: left of '.sin_family' must have struct/union type
d:\desktop\trabalhoso\so\so\tempclient.c(125): error C2065: 'AF_INET': undeclared identifier
d:\desktop\trabalhoso\so\so\tempclient.c(126): error C2224: left of '.sin_port' must have struct/union type
d:\desktop\trabalhoso\so\so\tempclient.c(126): warning C4013: 'htons' undefined; assuming extern returning int
d:\desktop\trabalhoso\so\so\tempclient.c(127): warning C4013: 'inet_aton' undefined; assuming extern returning int
d:\desktop\trabalhoso\so\so\tempclient.c(127): error C2224: left of '.sin_addr' must have struct/union type
d:\desktop\trabalhoso\so\so\tempclient.c(130): warning C4013: 'connect' undefined; assuming extern returning int
d:\desktop\trabalhoso\so\so\tempclient.c(135): warning C4013: 'write' undefined; assuming extern returning int
d:\desktop\trabalhoso\so\so\tempclient.c(137): warning C4013: 'read' undefined; assuming extern returning int
d:\desktop\trabalhoso\so\so\tempclient.c(165): warning C4013: 'close' undefined; assuming extern returning int
