Build started 22/11/2012 14:01:36.
     1>Project "C:\Users\mixfar\Dropbox\2012-2013\CG\FigurasGeometricas_v3\FigurasGeometricas_v3.vcxproj" on node 2 (build target(s)).
     1>InitializeBuildStatus:
         Creating "Debug\FigurasGeometricas_v3.unsuccessfulbuild" because "AlwaysCreate" was specified.
       ClCompile:
         c:\Program Files (x86)\Microsoft Visual Studio 10.0\VC\bin\CL.exe /c /ZI /nologo /W3 /WX- /Od /Oy- /D WIN32 /D _DEBUG /D _CONSOLE /D _UNICODE /D UNICODE /Gm /EHsc /RTC1 /MDd /GS /fp:precise /Zc:wchar_t /Zc:forScope /Fo"Debug\\" /Fd"Debug\vc100.pdb" /Gd /TC /analyze- /errorReport:prompt main.c
         main.c
     1>c:\users\mixfar\dropbox\2012-2013\cg\figurasgeometricas_v3\main.c(71): warning C4996: 'sprintf': This function or variable may be unsafe. Consider using sprintf_s instead. To disable deprecation, use _CRT_SECURE_NO_WARNINGS. See online help for details.
                 c:\program files (x86)\microsoft visual studio 10.0\vc\include\stdio.h(371) : see declaration of 'sprintf'
     1>c:\users\mixfar\dropbox\2012-2013\cg\figurasgeometricas_v3\main.c(123): warning C4996: 'sprintf': This function or variable may be unsafe. Consider using sprintf_s instead. To disable deprecation, use _CRT_SECURE_NO_WARNINGS. See online help for details.
                 c:\program files (x86)\microsoft visual studio 10.0\vc\include\stdio.h(371) : see declaration of 'sprintf'
     1>c:\users\mixfar\dropbox\2012-2013\cg\figurasgeometricas_v3\main.c(125): warning C4996: 'sprintf': This function or variable may be unsafe. Consider using sprintf_s instead. To disable deprecation, use _CRT_SECURE_NO_WARNINGS. See online help for details.
                 c:\program files (x86)\microsoft visual studio 10.0\vc\include\stdio.h(371) : see declaration of 'sprintf'
     1>c:\users\mixfar\dropbox\2012-2013\cg\figurasgeometricas_v3\main.c(128): warning C4996: 'sprintf': This function or variable may be unsafe. Consider using sprintf_s instead. To disable deprecation, use _CRT_SECURE_NO_WARNINGS. See online help for details.
                 c:\program files (x86)\microsoft visual studio 10.0\vc\include\stdio.h(371) : see declaration of 'sprintf'
     1>c:\users\mixfar\dropbox\2012-2013\cg\figurasgeometricas_v3\main.c(131): warning C4996: 'sprintf': This function or variable may be unsafe. Consider using sprintf_s instead. To disable deprecation, use _CRT_SECURE_NO_WARNINGS. See online help for details.
                 c:\program files (x86)\microsoft visual studio 10.0\vc\include\stdio.h(371) : see declaration of 'sprintf'
     1>c:\users\mixfar\dropbox\2012-2013\cg\figurasgeometricas_v3\main.c(135): warning C4996: 'sprintf': This function or variable may be unsafe. Consider using sprintf_s instead. To disable deprecation, use _CRT_SECURE_NO_WARNINGS. See online help for details.
                 c:\program files (x86)\microsoft visual studio 10.0\vc\include\stdio.h(371) : see declaration of 'sprintf'
     1>c:\users\mixfar\dropbox\2012-2013\cg\figurasgeometricas_v3\main.c(137): warning C4996: 'sprintf': This function or variable may be unsafe. Consider using sprintf_s instead. To disable deprecation, use _CRT_SECURE_NO_WARNINGS. See online help for details.
                 c:\program files (x86)\microsoft visual studio 10.0\vc\include\stdio.h(371) : see declaration of 'sprintf'
     1>c:\users\mixfar\dropbox\2012-2013\cg\figurasgeometricas_v3\main.c(140): warning C4996: 'sprintf': This function or variable may be unsafe. Consider using sprintf_s instead. To disable deprecation, use _CRT_SECURE_NO_WARNINGS. See online help for details.
                 c:\program files (x86)\microsoft visual studio 10.0\vc\include\stdio.h(371) : see declaration of 'sprintf'
     1>c:\users\mixfar\dropbox\2012-2013\cg\figurasgeometricas_v3\main.c(347): warning C4018: '<' : signed/unsigned mismatch
       ManifestResourceCompile:
         All outputs are up-to-date.
       Link:
         c:\Program Files (x86)\Microsoft Visual Studio 10.0\VC\bin\link.exe /ERRORREPORT:PROMPT /OUT:"C:\Users\mixfar\Dropbox\2012-2013\CG\FigurasGeometricas_v3\Debug\FigurasGeometricas_v3.exe" /INCREMENTAL /NOLOGO kernel32.lib user32.lib gdi32.lib winspool.lib comdlg32.lib advapi32.lib shell32.lib ole32.lib oleaut32.lib uuid.lib odbc32.lib odbccp32.lib /MANIFEST /ManifestFile:"Debug\FigurasGeometricas_v3.exe.intermediate.manifest" /MANIFESTUAC:"level='asInvoker' uiAccess='false'" /DEBUG /PDB:"C:\Users\mixfar\Dropbox\2012-2013\CG\FigurasGeometricas_v3\Debug\FigurasGeometricas_v3.pdb" /SUBSYSTEM:CONSOLE /TLBID:1 /DYNAMICBASE /NXCOMPAT /IMPLIB:"C:\Users\mixfar\Dropbox\2012-2013\CG\FigurasGeometricas_v3\Debug\FigurasGeometricas_v3.lib" /MACHINE:X86 Debug\FigurasGeometricas_v3.exe.embed.manifest.res
         Debug\geometricFigure.obj
         Debug\list.obj
         Debug\main.obj
         Debug\point2d.obj
       Manifest:
         C:\Program Files (x86)\Microsoft SDKs\Windows\v7.0A\bin\mt.exe /nologo /verbose /out:"Debug\FigurasGeometricas_v3.exe.embed.manifest" /manifest Debug\FigurasGeometricas_v3.exe.intermediate.manifest
         All outputs are up-to-date.
       LinkEmbedManifest:
         All outputs are up-to-date.
         FigurasGeometricas_v3.vcxproj -> C:\Users\mixfar\Dropbox\2012-2013\CG\FigurasGeometricas_v3\Debug\FigurasGeometricas_v3.exe
       FinalizeBuildStatus:
         Deleting file "Debug\FigurasGeometricas_v3.unsuccessfulbuild".
         Touching "Debug\FigurasGeometricas_v3.lastbuildstate".
     1>Done Building Project "C:\Users\mixfar\Dropbox\2012-2013\CG\FigurasGeometricas_v3\FigurasGeometricas_v3.vcxproj" (build target(s)).

Build succeeded.

Time Elapsed 00:00:03.01
